### ISSUE TITLE
MLRISC incorrect dividend sign extension before 32-bit divide in x86_64

### ISSUE THREAD

**Issue by JohnReppy** [smlnj/smlnj#110]
### Version

110.79

### Operating System

- [ ] All
- [ ] Linux
- [ ] macOS
- [ ] Windows
- [X] Other Unix

### OS Version

OS X 10.11.4

### Processor

x86 (32-bit)

### Component

Other

### Severity

Minor

### Description of the problem

Copied from: https://smlnj-gitlab.cs.uchicago.edu/manticore/pmlc/issues/3

This bug was uncovered in Manticore, but is an apparent problem in MLRISC's x86_64 code generator.

When performing -3/x where x is an int stored in %r9d, MLRISC generates

movl    $-3, %eax
cqto
idivl   %r9d

However, cqto sign extends %rax to %rdx:%rax, and since the upper half of
%rax is zeros, %rdx:%rax will contain 4294967293 and not -3.

What should have been emitted before performing idivl is cltd, which will
extend %eax to %edx:%eax. Reference for AT&T syntax assembly instructions
are here: https://docs.oracle.com/cd/E19120-01/open.solaris/817-5477/eoizm/index.html

### Transcript

```
'Process 52376 launched: './a.out' (x86_64)
'Process 52376 stopped
* thread #2: tid = 0xf2a1b1, 0x000000010000ee76 a.out`else.82E + 14, stop reason = breakpoint 1.1
    frame #0: 0x000000010000ee76 a.out`else.82E + 14
a.out`else.82E:
    ; earlier we did:  movl   $-3, %eax
->  0x10000ee76 <+14>: movq   %r11, %r14
    0x10000ee79 <+17>: cqto
    0x10000ee7b <+19>: idivl  %r9d
    0x10000ee7e <+22>: movslq %eax, %rdi
(lldb) register read edx eax rdx rax
     edx = 0x0000e451
     eax = 0xfffffffd
     rdx = 0x000000010000e451  a.out`___lldb_unnamed_function228$$a.out
     rax = 0x00000000fffffffd
(lldb) stepi
(lldb) stepi
Process 52376 stopped
* thread #2: tid = 0xf2a1b1, 0x000000010000ee7b a.out`else.82E + 19, stop reason = instruction step into
    frame #0: 0x000000010000ee7b a.out`else.82E + 19
a.out`else.82E:
->  0x10000ee7b <+19>: idivl  %r9d
    0x10000ee7e <+22>: movslq %eax, %rdi
    0x10000ee81 <+25>: callq  0x1000220e0               ; M_IntToString at basis.c:48
    0x10000ee86 <+30>: movq   %r13, %r8
(lldb) register read edx eax rdx rax
     edx = 0x00000000
     eax = 0xfffffffd
     rdx = 0x0000000000000000
     rax = 0x00000000fffffffd
```

### Steps to Reproduce

Manticore's usage of MLRISC for division is as follows:

val i32Ty = 32
...
| P.I32Div a => genArith2 (i32Ty, divs, a)
| P.I32Mod a => genArith2 (i32Ty, rems, a)
...
val fbind = BE.VarDef.fbind varDefTbl
...
fun genFArith2 (fty, oper, (v1, v2)) =
    fbind (fty, v, oper (fty, fdefOf v1, fdefOf v2))

fun divs (ty, a, b) = T.DIVS(T.DIV_TO_ZERO, ty, a, b)
fun rems (ty, a, b) = T.REMS(T.DIV_TO_ZERO, ty, a, b)

in the MLRISC backend.

And the following Manticore test case fails:

fun check f g =
	fn (a, b, expected) => let
		val (f_func, f_name) = f
		val (g_func, g_name) = g
		val fres = f_func a b
		val gres = g_func a b
	in
		if fres = gres andalso fres = expected
		then Print.print "correct\n"
		else let
			val a = Int.toString a
			val b = Int.toString b
			val fres = Int.toString fres
			val gres = Int.toString gres
			val expected = Int.toString expected
		in
			Print.print ("wrong.\n"
			  ^ a ^ " " ^ f_name ^ " " ^ b ^ " = " ^ fres ^ "\n"
			  ^ a ^ " " ^ g_name ^ " " ^ b ^ " = " ^ gres ^ "\n"
			  ^ "and expected them both to be " ^ expected ^ "\n")
		end
	end

val modCases = [
	(~5, 4, ~1),
	(~5, ~4, ~1),
	(5, ~4, 1),
	(5, 4, 1)
]

val divCases = [
	(~3, 2, ~1),
	(3, 2, 1)
]

fun f_mod a b = a mod b
fun f_rem a b = Int.rem(a, b)
val modChecker = check ((f_mod, "mod")) ((f_rem, "rem"))

fun f_div a b = a div b
fun f_quot a b = Int.quot(a, b)
val divChecker = check ((f_div, "div")) ((f_quot, "quot"))

val _ = List.app modChecker modCases
val _ = List.app divChecker divCases

### Email address

kavon@cs.uchicago.edu

#### Original smlnj-gforge bug number 161

Submitted via web form by Kavon Farvardin <kavon@cs.uchicago.edu> on 2016-42-23 at 20:4200

**Keywords:** MLRISC

#### comment by @kavon on 2016-11-23 21:1100 +000 UTC

Per intel's architecture manual, CQO and CDQ use the same opcode, but use a different prefix. Namely, CQO uses the REX.W prefix, and it is being added by default to all CQO-type sign extensions in MLRISC's x86_64 code generator.

#### comment by @kavon on 2016-12-23 21:1200 +000 UTC

_probably_ being added by default, I haven't actually confirmed it.

#### comment by @JohnReppy on 2016-50-30 15:5000 +000 UTC

Fixed for 110;80.
